<?xml version="1.0" encoding="UTF-8"?>
<!-- Generated by org.testng.reporters.JUnitReportReporter -->
<testsuite hostname="Yashoo" failures="0" tests="1" name="testNg.FirstPractice" time="7.994" errors="0" timestamp="2023-01-08T23:16:52 IST" skipped="0">
  <testcase classname="testNg.FirstPractice" name="f" time="7.994"/>
  <system-out/>
</testsuite> <!-- testNg.FirstPractice -->
