<?xml version="1.0" encoding="UTF-8"?>
<!-- Generated by org.testng.reporters.JUnitReportReporter -->
<testsuite skipped="0" hostname="Yashoo" name="distributedparallel.ThirdClass" tests="1" failures="0" timestamp="2023-02-07T18:10:17 IST" time="0.001" errors="0">
  <testcase name="thirdTest" time="0.001" classname="distributedparallel.ThirdClass"/>
  <system-out/>
</testsuite> <!-- distributedparallel.ThirdClass -->
