<?xml version="1.0" encoding="UTF-8"?>
<!-- Generated by org.testng.reporters.JUnitReportReporter -->
<testsuite hostname="Yashoo" failures="0" tests="1" name="testNg.FacebookLogin" time="2.943" errors="0" timestamp="2023-02-04T18:01:59 IST" skipped="0">
  <testcase classname="testNg.FacebookLogin" name="f" time="2.943"/>
  <system-out/>
</testsuite> <!-- testNg.FacebookLogin -->
