<?xml version="1.0" encoding="UTF-8"?>
<!-- Generated by org.testng.reporters.JUnitReportReporter -->
<testsuite hostname="Yashoo" failures="0" tests="1" name="batchexecution.FirstTest" time="0.008" errors="0" timestamp="2023-02-04T18:00:08 IST" skipped="0">
  <testcase classname="batchexecution.FirstTest" name="firstTest" time="0.008"/>
  <system-out/>
</testsuite> <!-- batchexecution.FirstTest -->
