<?xml version="1.0" encoding="UTF-8"?>
<!-- Generated by org.testng.reporters.JUnitReportReporter -->
<testsuite hostname="Yashoo" failures="0" tests="11" name="testNgImeline.InvocationCount" time="0.028" errors="0" timestamp="2023-01-24T17:28:47 IST" skipped="0">
  <testcase classname="testNgImeline.InvocationCount" name="demo5" time="0.001"/>
  <system-out/>
  <testcase classname="testNgImeline.InvocationCount" name="demo3" time="0.001"/>
  <system-out/>
  <testcase classname="testNgImeline.InvocationCount" name="demo3" time="0.002"/>
  <system-out/>
  <testcase classname="testNgImeline.InvocationCount" name="demo1" time="0.012"/>
  <system-out/>
  <testcase classname="testNgImeline.InvocationCount" name="demo4" time="0.001"/>
  <system-out/>
  <testcase classname="testNgImeline.InvocationCount" name="demo2" time="0.002"/>
  <system-out/>
  <testcase classname="testNgImeline.InvocationCount" name="demo3" time="0.002"/>
  <system-out/>
  <testcase classname="testNgImeline.InvocationCount" name="demo5" time="0.001"/>
  <system-out/>
  <testcase classname="testNgImeline.InvocationCount" name="demo2" time="0.001"/>
  <system-out/>
  <testcase classname="testNgImeline.InvocationCount" name="demo3" time="0.002"/>
  <system-out/>
  <testcase classname="testNgImeline.InvocationCount" name="demo5" time="0.003"/>
  <system-out/>
</testsuite> <!-- testNgImeline.InvocationCount -->
