<?xml version="1.0" encoding="UTF-8"?>
<!-- Generated by org.testng.reporters.JUnitReportReporter -->
<testsuite hostname="Yashoo" failures="0" tests="2" name="groupexecution.SecondTest$FirstTest" time="0.007" errors="0" timestamp="2023-01-25T18:27:57 IST" skipped="0">
  <testcase classname="groupexecution.SecondTest$FirstTest" name="test2" time="0.003"/>
  <system-out/>
  <testcase classname="groupexecution.SecondTest$FirstTest" name="test0" time="0.004"/>
  <system-out/>
</testsuite> <!-- groupexecution.SecondTest$FirstTest -->
