<?xml version="1.0" encoding="UTF-8"?>
<!-- Generated by org.testng.reporters.JUnitReportReporter -->
<testsuite hostname="Yashoo" failures="0" tests="3" name="crossbrowserparallel.SwiggyTest" time="48.708" errors="0" timestamp="2023-01-26T18:15:48 IST" skipped="0">
  <testcase classname="crossbrowserparallel.SwiggyTest" name="demotest" time="18.536"/>
  <system-out/>
  <testcase classname="crossbrowserparallel.SwiggyTest" name="demotest" time="10.596"/>
  <system-out/>
  <testcase classname="crossbrowserparallel.SwiggyTest" name="demotest" time="19.576"/>
  <system-out/>
</testsuite> <!-- crossbrowserparallel.SwiggyTest -->
