<?xml version="1.0" encoding="UTF-8"?>
<!-- Generated by org.testng.reporters.JUnitReportReporter -->
<testsuite hostname="Yashoo" failures="0" tests="1" name="batchexecution.FourthClass" time="0.001" errors="0" timestamp="2023-02-04T18:00:08 IST" skipped="0">
  <testcase classname="batchexecution.FourthClass" name="fourthTest" time="0.001"/>
  <system-out/>
</testsuite> <!-- batchexecution.FourthClass -->
