<?xml version="1.0" encoding="UTF-8"?>
<!-- Generated by org.testng.reporters.JUnitReportReporter -->
<testsuite hostname="Yashoo" failures="0" tests="1" name="testForListener.Test2" time="0.002" errors="0" timestamp="2023-01-28T17:37:46 IST" skipped="0">
  <testcase classname="testForListener.Test2" name="test2" time="0.002"/>
  <system-out/>
</testsuite> <!-- testForListener.Test2 -->
