<?xml version="1.0" encoding="UTF-8"?>
<!-- Generated by org.testng.reporters.JUnitReportReporter -->
<testsuite hostname="Yashoo" failures="0" tests="2" name="groupexecution.ThirdTest$FirstTest" time="0.011" errors="0" timestamp="2023-01-25T18:27:57 IST" skipped="0">
  <testcase classname="groupexecution.ThirdTest$FirstTest" name="test2" time="0.001"/>
  <system-out/>
  <testcase classname="groupexecution.ThirdTest$FirstTest" name="test1" time="0.010"/>
  <system-out/>
</testsuite> <!-- groupexecution.ThirdTest$FirstTest -->
