<?xml version="1.0" encoding="UTF-8"?>
<!-- Generated by org.testng.reporters.JUnitReportReporter -->
<testsuite hostname="Yashoo" failures="0" tests="6" name="testNgImeline.PriorityPractice" time="0.025" errors="0" timestamp="2023-01-24T17:13:22 IST" skipped="0">
  <testcase classname="testNgImeline.PriorityPractice" name="test1" time="0.014"/>
  <system-out>
    <![CDATA[test1]]>
  </system-out>
  <testcase classname="testNgImeline.PriorityPractice" name="test2" time="0.002"/>
  <system-out>
    <![CDATA[test2]]>
  </system-out>
  <testcase classname="testNgImeline.PriorityPractice" name="test0" time="0.003"/>
  <system-out>
    <![CDATA[test0]]>
  </system-out>
  <testcase classname="testNgImeline.PriorityPractice" name="test5" time="0.002"/>
  <system-out>
    <![CDATA[test5]]>
  </system-out>
  <testcase classname="testNgImeline.PriorityPractice" name="test4" time="0.002"/>
  <system-out>
    <![CDATA[test4]]>
  </system-out>
  <testcase classname="testNgImeline.PriorityPractice" name="test3" time="0.002"/>
  <system-out>
    <![CDATA[test3]]>
  </system-out>
</testsuite> <!-- testNgImeline.PriorityPractice -->
