<?xml version="1.0" encoding="UTF-8"?>
<!-- Generated by org.testng.reporters.JUnitReportReporter -->
<testsuite hostname="Yashoo" failures="0" tests="1" name="xmlParameterization.PracticeTest" time="0.011" errors="0" timestamp="2023-01-08T11:24:48 IST" skipped="0">
  <testcase classname="xmlParameterization.PracticeTest" name="demo" time="0.011"/>
  <system-out/>
</testsuite> <!-- xmlParameterization.PracticeTest -->
