<?xml version="1.0" encoding="UTF-8"?>
<!-- Generated by org.testng.reporters.JUnitReportReporter -->
<testsuite hostname="Yashoo" failures="0" tests="1" name="testForListener.Test3" time="0.007" errors="0" timestamp="2023-01-28T17:37:46 IST" skipped="0">
  <testcase classname="testForListener.Test3" name="test3" time="0.007"/>
  <system-out/>
</testsuite> <!-- testForListener.Test3 -->
