<?xml version="1.0" encoding="UTF-8"?>
<!-- Generated by org.testng.reporters.JUnitReportReporter -->
<testsuite hostname="Yashoo" failures="0" tests="3" name="dataprovider.PracticeTest" time="0.010" errors="0" timestamp="2023-01-30T17:38:26 IST" skipped="0">
  <testcase classname="dataprovider.PracticeTest" name="bookTicketTest" time="0.001"/>
  <system-out/>
  <testcase classname="dataprovider.PracticeTest" name="bookTicketTest" time="0.008"/>
  <system-out/>
  <testcase classname="dataprovider.PracticeTest" name="bookTicketTest" time="0.001"/>
  <system-out/>
</testsuite> <!-- dataprovider.PracticeTest -->
