<?xml version="1.0" encoding="UTF-8"?>
<!-- Generated by org.testng.reporters.JUnitReportReporter -->
<testsuite hostname="Yashoo" failures="0" tests="3" name="grid.Practice1" time="58.271" errors="0" timestamp="2023-02-02T17:52:17 IST" skipped="0">
  <testcase classname="grid.Practice1" name="demo" time="18.744"/>
  <system-out/>
  <testcase classname="grid.Practice1" name="demo" time="18.610"/>
  <system-out/>
  <testcase classname="grid.Practice1" name="demo" time="20.917"/>
  <system-out/>
</testsuite> <!-- grid.Practice1 -->
