<?xml version="1.0" encoding="UTF-8"?>
<!-- Generated by org.testng.reporters.JUnitReportReporter -->
<testsuite hostname="Yashoo" failures="0" tests="3" name="crossbrowserparallel.GoogleTest" time="51.944" errors="0" timestamp="2023-01-26T18:15:48 IST" skipped="0">
  <testcase classname="crossbrowserparallel.GoogleTest" name="demotest" time="15.425"/>
  <system-out/>
  <testcase classname="crossbrowserparallel.GoogleTest" name="demotest" time="17.058"/>
  <system-out/>
  <testcase classname="crossbrowserparallel.GoogleTest" name="demotest" time="19.461"/>
  <system-out/>
</testsuite> <!-- crossbrowserparallel.GoogleTest -->
